<?xml version="1.0" encoding="UTF-8"?>
<!-- Generated by org.testng.reporters.JUnitReportReporter -->
<testsuite hostname="BADDIPUPF16YUKE" failures="0" tests="1" name="demo.display.Single_Responsibility_DesignPattern.SenarioOneTest" time="14.600" errors="0" timestamp="2021-12-22T23:47:47 EST" skipped="0">
  <testcase classname="demo.display.Single_Responsibility_DesignPattern.SenarioOneTest" name="hotelSearchandView" time="14.600"/>
  <system-out/>
</testsuite> <!-- demo.display.Single_Responsibility_DesignPattern.SenarioOneTest -->
