<?xml version="1.0" encoding="UTF-8"?>
<!-- Generated by org.testng.reporters.JUnitReportReporter -->
<testsuite hostname="BADDIPUPF16YUKE" failures="0" tests="1" name="demo.display.Single_Responsibility_DesignPattern.SenarioOneTest" time="11.172" errors="0" timestamp="2021-12-22T16:18:52 EST" skipped="0">
  <testcase classname="demo.display.Single_Responsibility_DesignPattern.SenarioOneTest" name="hotelSearchandView" time="11.172"/>
  <system-out/>
</testsuite> <!-- demo.display.Single_Responsibility_DesignPattern.SenarioOneTest -->
